<?xml version="1.0" encoding="windows-1252" standalone="no"?>
<!DOCTYPE log SYSTEM "logger.dtd">
<log>
<record>
  <date>2017-10-04T14:04:36</date>
  <millis>1507106076210</millis>
  <sequence>2</sequence>
  <logger>
class com.htc.Employee$</logger>
  <level>CONFIG</level>
  <class>com.htc.Employee$</class>
  <method>main</method>
  <thread>1</thread>
  <message>Configuration done</message>
</record>
<record>
  <date>2017-10-04T14:04:51</date>
  <millis>1507106091267</millis>
  <sequence>3</sequence>
  <logger>
class com.htc.Employee$</logger>
  <level>SEVERE</level>
  <class>com.htc.Employee$</class>
  <method>main</method>
  <thread>1</thread>
  <message>Exception occured </message>
  <exception>
    <message>com.htc.InvalidSalaryException: The Salary you entered is Invalid</message>
    <frame>
      <class>com.htc.EmployeeDAO</class>
      <method>insertEmployeeData</method>
      <line>25</line>
    </frame>
    <frame>
      <class>com.htc.Employee$</class>
      <method>main</method>
      <line>69</line>
    </frame>
    <frame>
      <class>com.htc.Employee</class>
      <method>main</method>
    </frame>
  </exception>
</record>
</log>
